<INFO> 10-Nov-2017::14:03:59.949 AITANG-M-33SQ confd[28696]: - Enabling error log
<INFO> 10-Nov-2017::14:03:59.955 AITANG-M-33SQ confd[28696]: - Writing error log to ./logs/confderr.log
<INFO> 10-Nov-2017::14:03:59.967 AITANG-M-33SQ confd[28696]: - Writing daemon log to /Users/aitang/github/nso_labs/tmp/netsim/ex/ex2/logs/confd.log
<INFO> 10-Nov-2017::14:03:59.967 AITANG-M-33SQ confd[28696]: - Writing NETCONF log to /Users/aitang/github/nso_labs/tmp/netsim/ex/ex2/logs/netconf.log
<INFO> 10-Nov-2017::14:03:59.967 AITANG-M-33SQ confd[28696]: - Writing SNMP log to /Users/aitang/github/nso_labs/tmp/netsim/ex/ex2/logs/snmp.log
<INFO> 10-Nov-2017::14:03:59.968 AITANG-M-33SQ confd[28696]: - Writing audit log to /Users/aitang/github/nso_labs/tmp/netsim/ex/ex2/logs/audit.log
<INFO> 10-Nov-2017::14:03:59.968 AITANG-M-33SQ confd[28696]: - Writing developer log to /Users/aitang/github/nso_labs/tmp/netsim/ex/ex2/logs/devel.log
<INFO> 10-Nov-2017::14:03:59.968 AITANG-M-33SQ confd[28696]: - Daemon logging started
<DEBUG> 10-Nov-2017::14:03:59.991 AITANG-M-33SQ confd[28696]: - Loading file /Users/aitang/nso-4.5/netsim/confd/etc/confd/ietf-netconf-monitoring.fxs
<DEBUG> 10-Nov-2017::14:03:59.992 AITANG-M-33SQ confd[28696]: - Loading file /Users/aitang/nso-4.5/netsim/confd/etc/confd/tailf-common-monitoring.fxs
<DEBUG> 10-Nov-2017::14:03:59.992 AITANG-M-33SQ confd[28696]: - Loading file /Users/aitang/nso-4.5/netsim/confd/etc/confd/ietf-netconf-acm.fxs
<DEBUG> 10-Nov-2017::14:03:59.993 AITANG-M-33SQ confd[28696]: - Loading file /Users/aitang/nso-4.5/netsim/confd/etc/confd/iana-crypt-hash.fxs
<DEBUG> 10-Nov-2017::14:03:59.993 AITANG-M-33SQ confd[28696]: - Loading file ./router.fxs
<DEBUG> 10-Nov-2017::14:03:59.995 AITANG-M-33SQ confd[28696]: - Loading file /Users/aitang/nso-4.5/netsim/confd/etc/confd/ietf-yang-library.fxs
<DEBUG> 10-Nov-2017::14:03:59.995 AITANG-M-33SQ confd[28696]: - Loading file /Users/aitang/nso-4.5/netsim/confd/etc/confd/ietf-restconf-monitoring.fxs
<DEBUG> 10-Nov-2017::14:03:59.996 AITANG-M-33SQ confd[28696]: - Loading file /Users/aitang/nso-4.5/netsim/confd/etc/confd/ietf-netconf-notifications.fxs
<DEBUG> 10-Nov-2017::14:03:59.997 AITANG-M-33SQ confd[28696]: - Loading file /Users/aitang/nso-4.5/netsim/confd/etc/confd/tailf-netconf-monitoring.fxs
<DEBUG> 10-Nov-2017::14:03:59.998 AITANG-M-33SQ confd[28696]: - Loading file /Users/aitang/nso-4.5/netsim/confd/etc/confd/tailf-confd-monitoring.fxs
<DEBUG> 10-Nov-2017::14:04:00.000 AITANG-M-33SQ confd[28696]: - Loading file /Users/aitang/nso-4.5/netsim/confd/etc/confd/tailf-acm.fxs
<DEBUG> 10-Nov-2017::14:04:00.001 AITANG-M-33SQ confd[28696]: - Loading file /Users/aitang/nso-4.5/netsim/confd/etc/confd/tailf-webui.fxs
<DEBUG> 10-Nov-2017::14:04:00.002 AITANG-M-33SQ confd[28696]: - Loading file /Users/aitang/nso-4.5/netsim/confd/etc/confd/tailf-rollback.fxs
<DEBUG> 10-Nov-2017::14:04:00.003 AITANG-M-33SQ confd[28696]: - Loading file /Users/aitang/nso-4.5/netsim/confd/etc/confd/tailf-kicker.fxs
<DEBUG> 10-Nov-2017::14:04:00.004 AITANG-M-33SQ confd[28696]: - Loading file /Users/aitang/nso-4.5/netsim/confd/etc/confd/tailf-aaa.fxs
<DEBUG> 10-Nov-2017::14:04:00.004 AITANG-M-33SQ confd[28696]: - Loading file ./example-serial.fxs
<DEBUG> 10-Nov-2017::14:04:00.017 AITANG-M-33SQ confd[28696]: - Loading file /Users/aitang/nso-4.5/netsim/confd/etc/confd/confd.ccl
<DEBUG> 10-Nov-2017::14:04:00.033 AITANG-M-33SQ confd[28696]: - Loading file /Users/aitang/github/nso_labs/tmp/netsim/ex/ex2/scripts/policy/check_dns.sh
<INFO> 10-Nov-2017::14:04:00.120 AITANG-M-33SQ confd[28696]: - Starting to listen for Internal IPC on 127.0.0.1:5012
<INFO> 10-Nov-2017::14:04:00.373 AITANG-M-33SQ confd[28696]: - CDB load: processing file: ./cdb/aaa_init.xml
<INFO> 10-Nov-2017::14:04:00.399 AITANG-M-33SQ confd[28696]: - CDB load: processing file: ./cdb/sys.xml
<INFO> 10-Nov-2017::14:04:00.554 AITANG-M-33SQ confd[28696]: - Starting to listen for NETCONF SSH on 0.0.0.0:12024
<INFO> 10-Nov-2017::14:04:00.610 AITANG-M-33SQ confd[28696]: - Starting to listen for CLI SSH on 0.0.0.0:10024
<INFO> 10-Nov-2017::14:04:00.718 AITANG-M-33SQ confd[28696]: - ConfD started vsn: 6.5
<INFO> 10-Nov-2017::14:35:37.138 AITANG-M-33SQ confd[28696]: - ConfD stopping (confd --stop called by aitang in /Users/aitang/github/nso_labs/tmp/netsim/ex/ex2)
<INFO> 10-Nov-2017::14:35:37.139 AITANG-M-33SQ confd[28696]: - Stopping to listen for NETCONF SSH on 0.0.0.0:12024
<INFO> 10-Nov-2017::14:35:37.254 AITANG-M-33SQ confd[28696]: - Daemon logging terminating, reason: shutdown
