<INFO> 10-Nov-2017::14:23:55.631 AITANG-M-33SQ confd[28696]: netconf id=28 new ssh session for user "admin" from 127.0.0.1
<INFO> 10-Nov-2017::14:23:55.663 AITANG-M-33SQ confd[28696]: netconf id=28 got rpc: {urn:ietf:params:xml:ns:netconf:base:1.0}get attrs: message-id="1"
<INFO> 10-Nov-2017::14:23:55.671 AITANG-M-33SQ confd[28696]: netconf id=28 get attrs: message-id="1"
<INFO> 10-Nov-2017::14:23:55.680 AITANG-M-33SQ confd[28696]: netconf id=28 sending rpc-reply, attrs: message-id="1"
<INFO> 10-Nov-2017::14:24:02.383 AITANG-M-33SQ confd[28696]: netconf id=28 got rpc: {urn:ietf:params:xml:ns:netconf:base:1.0}get-config attrs: message-id="2"
<INFO> 10-Nov-2017::14:24:02.383 AITANG-M-33SQ confd[28696]: netconf id=28 get-config source=running attrs: message-id="2"
<INFO> 10-Nov-2017::14:24:02.384 AITANG-M-33SQ confd[28696]: netconf id=28 sending rpc-reply, attrs: message-id="2"
<INFO> 10-Nov-2017::14:24:02.412 AITANG-M-33SQ confd[28696]: netconf id=28 got rpc: {urn:ietf:params:xml:ns:netconf:base:1.0}get attrs: message-id="3"
<INFO> 10-Nov-2017::14:24:02.412 AITANG-M-33SQ confd[28696]: netconf id=28 get attrs: message-id="3"
<INFO> 10-Nov-2017::14:24:02.412 AITANG-M-33SQ confd[28696]: netconf id=28 sending rpc-reply, attrs: message-id="3"
<INFO> 10-Nov-2017::14:24:33.052 AITANG-M-33SQ confd[28696]: netconf id=28 close-session attrs: message-id="4"
<INFO> 10-Nov-2017::14:24:33.052 AITANG-M-33SQ confd[28696]: netconf id=28 ssh transport closed
<INFO> 10-Nov-2017::14:32:19.674 AITANG-M-33SQ confd[28696]: netconf id=29 new ssh session for user "admin" from 127.0.0.1
<INFO> 10-Nov-2017::14:32:19.692 AITANG-M-33SQ confd[28696]: netconf id=29 got rpc: {urn:ietf:params:xml:ns:netconf:base:1.0}discard-changes attrs: message-id="1"
<INFO> 10-Nov-2017::14:32:19.692 AITANG-M-33SQ confd[28696]: netconf id=29 discard-changes attrs: message-id="1"
<INFO> 10-Nov-2017::14:32:19.705 AITANG-M-33SQ confd[28696]: netconf id=29 sending rpc-reply, attrs: message-id="1"
<INFO> 10-Nov-2017::14:32:19.706 AITANG-M-33SQ confd[28696]: netconf id=29 got rpc: {urn:ietf:params:xml:ns:netconf:base:1.0}lock attrs: message-id="2"
<INFO> 10-Nov-2017::14:32:19.706 AITANG-M-33SQ confd[28696]: netconf id=29 lock target=candidate attrs: message-id="2"
<INFO> 10-Nov-2017::14:32:19.713 AITANG-M-33SQ confd[28696]: netconf id=29 sending rpc-reply, attrs: message-id="2"
<INFO> 10-Nov-2017::14:32:19.713 AITANG-M-33SQ confd[28696]: netconf id=29 got rpc: {urn:ietf:params:xml:ns:netconf:base:1.0}get attrs: message-id="3"
<INFO> 10-Nov-2017::14:32:19.714 AITANG-M-33SQ confd[28696]: netconf id=29 get attrs: message-id="3"
<INFO> 10-Nov-2017::14:32:19.715 AITANG-M-33SQ confd[28696]: netconf id=29 sending rpc-reply, attrs: message-id="3"
<INFO> 10-Nov-2017::14:32:19.720 AITANG-M-33SQ confd[28696]: netconf id=29 got rpc: {urn:ietf:params:xml:ns:netconf:base:1.0}edit-config attrs: message-id="4"
<INFO> 10-Nov-2017::14:32:19.721 AITANG-M-33SQ confd[28696]: netconf id=29 edit-config target=candidate attrs: message-id="4"
<INFO> 10-Nov-2017::14:32:19.722 AITANG-M-33SQ confd[28696]: netconf id=29 sending rpc-reply, attrs: message-id="4"
<INFO> 10-Nov-2017::14:32:19.723 AITANG-M-33SQ confd[28696]: netconf id=29 got rpc: {urn:ietf:params:xml:ns:netconf:base:1.0}validate attrs: message-id="5"
<INFO> 10-Nov-2017::14:32:19.724 AITANG-M-33SQ confd[28696]: netconf id=29 validate source=candidate attrs: message-id="5"
<INFO> 10-Nov-2017::14:32:19.764 AITANG-M-33SQ confd[28696]: netconf id=29 sending rpc-reply, attrs: message-id="5"
<INFO> 10-Nov-2017::14:32:19.767 AITANG-M-33SQ confd[28696]: netconf id=29 got rpc: {urn:ietf:params:xml:ns:netconf:base:1.0}commit attrs: message-id="6"
<INFO> 10-Nov-2017::14:32:19.767 AITANG-M-33SQ confd[28696]: netconf id=29 commit confirmed timeout=600 attrs: message-id="6"
<INFO> 10-Nov-2017::14:32:19.787 AITANG-M-33SQ confd[28696]: netconf id=29 sending rpc-reply, attrs: message-id="6"
<INFO> 10-Nov-2017::14:32:19.794 AITANG-M-33SQ confd[28696]: netconf id=29 got rpc: {urn:ietf:params:xml:ns:netconf:base:1.0}commit attrs: message-id="7"
<INFO> 10-Nov-2017::14:32:19.794 AITANG-M-33SQ confd[28696]: netconf id=29 commit attrs: message-id="7"
<INFO> 10-Nov-2017::14:32:19.810 AITANG-M-33SQ confd[28696]: netconf id=29 sending rpc-reply, attrs: message-id="7"
<INFO> 10-Nov-2017::14:32:19.811 AITANG-M-33SQ confd[28696]: netconf id=29 got rpc: {urn:ietf:params:xml:ns:netconf:base:1.0}get attrs: message-id="8"
<INFO> 10-Nov-2017::14:32:19.811 AITANG-M-33SQ confd[28696]: netconf id=29 get attrs: message-id="8"
<INFO> 10-Nov-2017::14:32:19.812 AITANG-M-33SQ confd[28696]: netconf id=29 sending rpc-reply, attrs: message-id="8"
<INFO> 10-Nov-2017::14:32:19.814 AITANG-M-33SQ confd[28696]: netconf id=29 got rpc: {urn:ietf:params:xml:ns:netconf:base:1.0}unlock attrs: message-id="9"
<INFO> 10-Nov-2017::14:32:19.814 AITANG-M-33SQ confd[28696]: netconf id=29 unlock target=candidate attrs: message-id="9"
<INFO> 10-Nov-2017::14:32:19.830 AITANG-M-33SQ confd[28696]: netconf id=29 sending rpc-reply, attrs: message-id="9"
<INFO> 10-Nov-2017::14:32:50.542 AITANG-M-33SQ confd[28696]: netconf id=29 close-session attrs: message-id="10"
<INFO> 10-Nov-2017::14:32:50.543 AITANG-M-33SQ confd[28696]: netconf id=29 ssh transport closed
