<INFO> 10-Nov-2017::14:23:55.601 AITANG-M-33SQ confd[28649]: netconf id=28 new ssh session for user "admin" from 127.0.0.1
<INFO> 10-Nov-2017::14:23:55.643 AITANG-M-33SQ confd[28649]: netconf id=28 got rpc: {urn:ietf:params:xml:ns:netconf:base:1.0}get attrs: message-id="1"
<INFO> 10-Nov-2017::14:23:55.649 AITANG-M-33SQ confd[28649]: netconf id=28 get attrs: message-id="1"
<INFO> 10-Nov-2017::14:23:55.658 AITANG-M-33SQ confd[28649]: netconf id=28 sending rpc-reply, attrs: message-id="1"
<INFO> 10-Nov-2017::14:24:02.383 AITANG-M-33SQ confd[28649]: netconf id=28 got rpc: {urn:ietf:params:xml:ns:netconf:base:1.0}get-config attrs: message-id="2"
<INFO> 10-Nov-2017::14:24:02.383 AITANG-M-33SQ confd[28649]: netconf id=28 get-config source=running attrs: message-id="2"
<INFO> 10-Nov-2017::14:24:02.383 AITANG-M-33SQ confd[28649]: netconf id=28 sending rpc-reply, attrs: message-id="2"
<INFO> 10-Nov-2017::14:24:02.412 AITANG-M-33SQ confd[28649]: netconf id=28 got rpc: {urn:ietf:params:xml:ns:netconf:base:1.0}get attrs: message-id="3"
<INFO> 10-Nov-2017::14:24:02.412 AITANG-M-33SQ confd[28649]: netconf id=28 get attrs: message-id="3"
<INFO> 10-Nov-2017::14:24:02.413 AITANG-M-33SQ confd[28649]: netconf id=28 sending rpc-reply, attrs: message-id="3"
<INFO> 10-Nov-2017::14:24:33.051 AITANG-M-33SQ confd[28649]: netconf id=28 ssh transport closed
<INFO> 10-Nov-2017::14:32:19.675 AITANG-M-33SQ confd[28649]: netconf id=29 new ssh session for user "admin" from 127.0.0.1
<INFO> 10-Nov-2017::14:32:19.690 AITANG-M-33SQ confd[28649]: netconf id=29 got rpc: {urn:ietf:params:xml:ns:netconf:base:1.0}discard-changes attrs: message-id="1"
<INFO> 10-Nov-2017::14:32:19.690 AITANG-M-33SQ confd[28649]: netconf id=29 discard-changes attrs: message-id="1"
<INFO> 10-Nov-2017::14:32:19.705 AITANG-M-33SQ confd[28649]: netconf id=29 sending rpc-reply, attrs: message-id="1"
<INFO> 10-Nov-2017::14:32:19.706 AITANG-M-33SQ confd[28649]: netconf id=29 got rpc: {urn:ietf:params:xml:ns:netconf:base:1.0}lock attrs: message-id="2"
<INFO> 10-Nov-2017::14:32:19.706 AITANG-M-33SQ confd[28649]: netconf id=29 lock target=candidate attrs: message-id="2"
<INFO> 10-Nov-2017::14:32:19.713 AITANG-M-33SQ confd[28649]: netconf id=29 sending rpc-reply, attrs: message-id="2"
<INFO> 10-Nov-2017::14:32:19.713 AITANG-M-33SQ confd[28649]: netconf id=29 got rpc: {urn:ietf:params:xml:ns:netconf:base:1.0}get attrs: message-id="3"
<INFO> 10-Nov-2017::14:32:19.714 AITANG-M-33SQ confd[28649]: netconf id=29 get attrs: message-id="3"
<INFO> 10-Nov-2017::14:32:19.714 AITANG-M-33SQ confd[28649]: netconf id=29 sending rpc-reply, attrs: message-id="3"
<INFO> 10-Nov-2017::14:32:19.721 AITANG-M-33SQ confd[28649]: netconf id=29 got rpc: {urn:ietf:params:xml:ns:netconf:base:1.0}edit-config attrs: message-id="4"
<INFO> 10-Nov-2017::14:32:19.722 AITANG-M-33SQ confd[28649]: netconf id=29 edit-config target=candidate attrs: message-id="4"
<INFO> 10-Nov-2017::14:32:19.724 AITANG-M-33SQ confd[28649]: netconf id=29 sending rpc-reply, attrs: message-id="4"
<INFO> 10-Nov-2017::14:32:19.725 AITANG-M-33SQ confd[28649]: netconf id=29 got rpc: {urn:ietf:params:xml:ns:netconf:base:1.0}validate attrs: message-id="5"
<INFO> 10-Nov-2017::14:32:19.725 AITANG-M-33SQ confd[28649]: netconf id=29 validate source=candidate attrs: message-id="5"
<INFO> 10-Nov-2017::14:32:19.764 AITANG-M-33SQ confd[28649]: netconf id=29 sending rpc-reply, attrs: message-id="5"
<INFO> 10-Nov-2017::14:32:19.766 AITANG-M-33SQ confd[28649]: netconf id=29 got rpc: {urn:ietf:params:xml:ns:netconf:base:1.0}commit attrs: message-id="6"
<INFO> 10-Nov-2017::14:32:19.766 AITANG-M-33SQ confd[28649]: netconf id=29 commit confirmed timeout=600 attrs: message-id="6"
<INFO> 10-Nov-2017::14:32:19.787 AITANG-M-33SQ confd[28649]: netconf id=29 sending rpc-reply, attrs: message-id="6"
<INFO> 10-Nov-2017::14:32:19.796 AITANG-M-33SQ confd[28649]: netconf id=29 got rpc: {urn:ietf:params:xml:ns:netconf:base:1.0}commit attrs: message-id="7"
<INFO> 10-Nov-2017::14:32:19.796 AITANG-M-33SQ confd[28649]: netconf id=29 commit attrs: message-id="7"
<INFO> 10-Nov-2017::14:32:19.812 AITANG-M-33SQ confd[28649]: netconf id=29 sending rpc-reply, attrs: message-id="7"
<INFO> 10-Nov-2017::14:32:19.813 AITANG-M-33SQ confd[28649]: netconf id=29 got rpc: {urn:ietf:params:xml:ns:netconf:base:1.0}get attrs: message-id="8"
<INFO> 10-Nov-2017::14:32:19.813 AITANG-M-33SQ confd[28649]: netconf id=29 get attrs: message-id="8"
<INFO> 10-Nov-2017::14:32:19.814 AITANG-M-33SQ confd[28649]: netconf id=29 sending rpc-reply, attrs: message-id="8"
<INFO> 10-Nov-2017::14:32:19.817 AITANG-M-33SQ confd[28649]: netconf id=29 got rpc: {urn:ietf:params:xml:ns:netconf:base:1.0}unlock attrs: message-id="9"
<INFO> 10-Nov-2017::14:32:19.817 AITANG-M-33SQ confd[28649]: netconf id=29 unlock target=candidate attrs: message-id="9"
<INFO> 10-Nov-2017::14:32:19.830 AITANG-M-33SQ confd[28649]: netconf id=29 sending rpc-reply, attrs: message-id="9"
<INFO> 10-Nov-2017::14:32:50.543 AITANG-M-33SQ confd[28649]: netconf id=29 close-session attrs: message-id="10"
<INFO> 10-Nov-2017::14:32:50.543 AITANG-M-33SQ confd[28649]: netconf id=29 ssh transport closed
<INFO> 10-Nov-2017::14:35:28.915 AITANG-M-33SQ confd[28649]: netconf id=30 new ssh session for user "admin" from 127.0.0.1
<INFO> 10-Nov-2017::14:35:28.925 AITANG-M-33SQ confd[28649]: netconf id=30 got rpc: {urn:ietf:params:xml:ns:netconf:base:1.0}discard-changes attrs: message-id="1"
<INFO> 10-Nov-2017::14:35:28.925 AITANG-M-33SQ confd[28649]: netconf id=30 discard-changes attrs: message-id="1"
<INFO> 10-Nov-2017::14:35:28.938 AITANG-M-33SQ confd[28649]: netconf id=30 sending rpc-reply, attrs: message-id="1"
<INFO> 10-Nov-2017::14:35:28.939 AITANG-M-33SQ confd[28649]: netconf id=30 got rpc: {urn:ietf:params:xml:ns:netconf:base:1.0}lock attrs: message-id="2"
<INFO> 10-Nov-2017::14:35:28.939 AITANG-M-33SQ confd[28649]: netconf id=30 lock target=candidate attrs: message-id="2"
<INFO> 10-Nov-2017::14:35:28.945 AITANG-M-33SQ confd[28649]: netconf id=30 sending rpc-reply, attrs: message-id="2"
<INFO> 10-Nov-2017::14:35:28.946 AITANG-M-33SQ confd[28649]: netconf id=30 got rpc: {urn:ietf:params:xml:ns:netconf:base:1.0}get attrs: message-id="3"
<INFO> 10-Nov-2017::14:35:28.946 AITANG-M-33SQ confd[28649]: netconf id=30 get attrs: message-id="3"
<INFO> 10-Nov-2017::14:35:28.946 AITANG-M-33SQ confd[28649]: netconf id=30 sending rpc-reply, attrs: message-id="3"
<INFO> 10-Nov-2017::14:35:28.950 AITANG-M-33SQ confd[28649]: netconf id=30 got rpc: {urn:ietf:params:xml:ns:netconf:base:1.0}edit-config attrs: message-id="4"
<INFO> 10-Nov-2017::14:35:28.951 AITANG-M-33SQ confd[28649]: netconf id=30 edit-config target=candidate attrs: message-id="4"
<INFO> 10-Nov-2017::14:35:28.952 AITANG-M-33SQ confd[28649]: netconf id=30 sending rpc-reply, attrs: message-id="4"
<INFO> 10-Nov-2017::14:35:28.953 AITANG-M-33SQ confd[28649]: netconf id=30 got rpc: {urn:ietf:params:xml:ns:netconf:base:1.0}commit attrs: message-id="5"
<INFO> 10-Nov-2017::14:35:28.954 AITANG-M-33SQ confd[28649]: netconf id=30 commit confirmed timeout=600 attrs: message-id="5"
<INFO> 10-Nov-2017::14:35:28.965 AITANG-M-33SQ confd[28649]: netconf id=30 sending rpc-reply, attrs: message-id="5"
<INFO> 10-Nov-2017::14:35:28.970 AITANG-M-33SQ confd[28649]: netconf id=30 got rpc: {urn:ietf:params:xml:ns:netconf:base:1.0}commit attrs: message-id="6"
<INFO> 10-Nov-2017::14:35:28.970 AITANG-M-33SQ confd[28649]: netconf id=30 commit attrs: message-id="6"
<INFO> 10-Nov-2017::14:35:28.984 AITANG-M-33SQ confd[28649]: netconf id=30 sending rpc-reply, attrs: message-id="6"
<INFO> 10-Nov-2017::14:35:28.985 AITANG-M-33SQ confd[28649]: netconf id=30 got rpc: {urn:ietf:params:xml:ns:netconf:base:1.0}get attrs: message-id="7"
<INFO> 10-Nov-2017::14:35:28.985 AITANG-M-33SQ confd[28649]: netconf id=30 get attrs: message-id="7"
<INFO> 10-Nov-2017::14:35:28.986 AITANG-M-33SQ confd[28649]: netconf id=30 sending rpc-reply, attrs: message-id="7"
<INFO> 10-Nov-2017::14:35:28.988 AITANG-M-33SQ confd[28649]: netconf id=30 got rpc: {urn:ietf:params:xml:ns:netconf:base:1.0}unlock attrs: message-id="8"
<INFO> 10-Nov-2017::14:35:28.988 AITANG-M-33SQ confd[28649]: netconf id=30 unlock target=candidate attrs: message-id="8"
<INFO> 10-Nov-2017::14:35:29.001 AITANG-M-33SQ confd[28649]: netconf id=30 sending rpc-reply, attrs: message-id="8"
<INFO> 10-Nov-2017::14:36:00.046 AITANG-M-33SQ confd[28649]: netconf id=30 ssh transport closed
<INFO> 10-Nov-2017::15:32:29.196 AITANG-M-33SQ confd[28649]: netconf id=31 new ssh session for user "admin" from 127.0.0.1
<INFO> 10-Nov-2017::15:33:00.199 AITANG-M-33SQ confd[28649]: netconf id=31 close-session attrs: message-id="1"
<INFO> 10-Nov-2017::15:33:00.199 AITANG-M-33SQ confd[28649]: netconf id=31 ssh transport closed
<INFO> 10-Nov-2017::15:33:06.927 AITANG-M-33SQ confd[28649]: netconf id=32 new ssh session for user "admin" from 127.0.0.1
<INFO> 10-Nov-2017::15:33:37.290 AITANG-M-33SQ confd[28649]: netconf id=32 close-session attrs: message-id="1"
<INFO> 10-Nov-2017::15:33:37.290 AITANG-M-33SQ confd[28649]: netconf id=32 ssh transport closed
