<INFO> 10-Nov-2017::14:03:58.927 AITANG-M-33SQ confd[28671]: - Enabling error log
<INFO> 10-Nov-2017::14:03:58.934 AITANG-M-33SQ confd[28671]: - Writing error log to ./logs/confderr.log
<INFO> 10-Nov-2017::14:03:58.946 AITANG-M-33SQ confd[28671]: - Writing daemon log to /Users/aitang/github/nso_labs/tmp/netsim/ex/ex1/logs/confd.log
<INFO> 10-Nov-2017::14:03:58.947 AITANG-M-33SQ confd[28671]: - Writing NETCONF log to /Users/aitang/github/nso_labs/tmp/netsim/ex/ex1/logs/netconf.log
<INFO> 10-Nov-2017::14:03:58.947 AITANG-M-33SQ confd[28671]: - Writing SNMP log to /Users/aitang/github/nso_labs/tmp/netsim/ex/ex1/logs/snmp.log
<INFO> 10-Nov-2017::14:03:58.947 AITANG-M-33SQ confd[28671]: - Writing audit log to /Users/aitang/github/nso_labs/tmp/netsim/ex/ex1/logs/audit.log
<INFO> 10-Nov-2017::14:03:58.947 AITANG-M-33SQ confd[28671]: - Writing developer log to /Users/aitang/github/nso_labs/tmp/netsim/ex/ex1/logs/devel.log
<INFO> 10-Nov-2017::14:03:58.947 AITANG-M-33SQ confd[28671]: - Daemon logging started
<DEBUG> 10-Nov-2017::14:03:58.973 AITANG-M-33SQ confd[28671]: - Loading file /Users/aitang/nso-4.5/netsim/confd/etc/confd/ietf-netconf-monitoring.fxs
<DEBUG> 10-Nov-2017::14:03:58.974 AITANG-M-33SQ confd[28671]: - Loading file /Users/aitang/nso-4.5/netsim/confd/etc/confd/tailf-common-monitoring.fxs
<DEBUG> 10-Nov-2017::14:03:58.975 AITANG-M-33SQ confd[28671]: - Loading file /Users/aitang/nso-4.5/netsim/confd/etc/confd/ietf-netconf-acm.fxs
<DEBUG> 10-Nov-2017::14:03:58.976 AITANG-M-33SQ confd[28671]: - Loading file /Users/aitang/nso-4.5/netsim/confd/etc/confd/iana-crypt-hash.fxs
<DEBUG> 10-Nov-2017::14:03:58.976 AITANG-M-33SQ confd[28671]: - Loading file ./router.fxs
<DEBUG> 10-Nov-2017::14:03:58.978 AITANG-M-33SQ confd[28671]: - Loading file /Users/aitang/nso-4.5/netsim/confd/etc/confd/ietf-yang-library.fxs
<DEBUG> 10-Nov-2017::14:03:58.979 AITANG-M-33SQ confd[28671]: - Loading file /Users/aitang/nso-4.5/netsim/confd/etc/confd/ietf-restconf-monitoring.fxs
<DEBUG> 10-Nov-2017::14:03:58.980 AITANG-M-33SQ confd[28671]: - Loading file /Users/aitang/nso-4.5/netsim/confd/etc/confd/ietf-netconf-notifications.fxs
<DEBUG> 10-Nov-2017::14:03:58.981 AITANG-M-33SQ confd[28671]: - Loading file /Users/aitang/nso-4.5/netsim/confd/etc/confd/tailf-netconf-monitoring.fxs
<DEBUG> 10-Nov-2017::14:03:58.982 AITANG-M-33SQ confd[28671]: - Loading file /Users/aitang/nso-4.5/netsim/confd/etc/confd/tailf-confd-monitoring.fxs
<DEBUG> 10-Nov-2017::14:03:58.984 AITANG-M-33SQ confd[28671]: - Loading file /Users/aitang/nso-4.5/netsim/confd/etc/confd/tailf-acm.fxs
<DEBUG> 10-Nov-2017::14:03:58.985 AITANG-M-33SQ confd[28671]: - Loading file /Users/aitang/nso-4.5/netsim/confd/etc/confd/tailf-webui.fxs
<DEBUG> 10-Nov-2017::14:03:58.986 AITANG-M-33SQ confd[28671]: - Loading file /Users/aitang/nso-4.5/netsim/confd/etc/confd/tailf-rollback.fxs
<DEBUG> 10-Nov-2017::14:03:58.987 AITANG-M-33SQ confd[28671]: - Loading file /Users/aitang/nso-4.5/netsim/confd/etc/confd/tailf-kicker.fxs
<DEBUG> 10-Nov-2017::14:03:58.988 AITANG-M-33SQ confd[28671]: - Loading file /Users/aitang/nso-4.5/netsim/confd/etc/confd/tailf-aaa.fxs
<DEBUG> 10-Nov-2017::14:03:58.989 AITANG-M-33SQ confd[28671]: - Loading file ./example-serial.fxs
<DEBUG> 10-Nov-2017::14:03:59.002 AITANG-M-33SQ confd[28671]: - Loading file /Users/aitang/nso-4.5/netsim/confd/etc/confd/confd.ccl
<DEBUG> 10-Nov-2017::14:03:59.016 AITANG-M-33SQ confd[28671]: - Loading file /Users/aitang/github/nso_labs/tmp/netsim/ex/ex1/scripts/policy/check_dns.sh
<INFO> 10-Nov-2017::14:03:59.099 AITANG-M-33SQ confd[28671]: - Starting to listen for Internal IPC on 127.0.0.1:5011
<INFO> 10-Nov-2017::14:03:59.349 AITANG-M-33SQ confd[28671]: - CDB load: processing file: ./cdb/aaa_init.xml
<INFO> 10-Nov-2017::14:03:59.375 AITANG-M-33SQ confd[28671]: - CDB load: processing file: ./cdb/sys.xml
<INFO> 10-Nov-2017::14:03:59.527 AITANG-M-33SQ confd[28671]: - Starting to listen for NETCONF SSH on 0.0.0.0:12023
<INFO> 10-Nov-2017::14:03:59.581 AITANG-M-33SQ confd[28671]: - Starting to listen for CLI SSH on 0.0.0.0:10023
<INFO> 10-Nov-2017::14:03:59.684 AITANG-M-33SQ confd[28671]: - ConfD started vsn: 6.5
<INFO> 10-Nov-2017::14:33:56.086 AITANG-M-33SQ confd[28671]: - ConfD stopping (confd --stop called by aitang in /Users/aitang/github/nso_labs/tmp/netsim/ex/ex1)
<INFO> 10-Nov-2017::14:33:56.086 AITANG-M-33SQ confd[28671]: - Stopping to listen for NETCONF SSH on 0.0.0.0:12023
<INFO> 10-Nov-2017::14:33:56.201 AITANG-M-33SQ confd[28671]: - Daemon logging terminating, reason: shutdown
